<?xml version="1.0" encoding="UTF-8"?>
<testng-results ignored="0" total="1" passed="1" failed="0" skipped="0">
  <reporter-output>
  </reporter-output>
  <suite started-at="2021-09-12T06:17:06Z" name="Default suite" finished-at="2021-09-12T06:17:40Z" duration-ms="34312">
    <groups>
    </groups>
    <test started-at="2021-09-12T06:17:06Z" name="Default test" finished-at="2021-09-12T06:17:40Z" duration-ms="34312">
      <class name="Qualicoach_EditUser.UpdateUserProfile">
        <test-method is-config="true" signature="testLogin()[pri:0, instance:Qualicoach_EditUser.UpdateUserProfile@d278d2b]" started-at="2021-09-12T11:47:06Z" name="testLogin" finished-at="2021-09-12T11:47:11Z" duration-ms="4714" status="PASS">
          <reporter-output>
          </reporter-output>
        </test-method> <!-- testLogin -->
        <test-method signature="EditUserProfileGeneral()[pri:0, instance:Qualicoach_EditUser.UpdateUserProfile@d278d2b]" started-at="2021-09-12T11:47:11Z" name="EditUserProfileGeneral" finished-at="2021-09-12T11:47:40Z" duration-ms="29366" status="PASS">
          <reporter-output>
          </reporter-output>
        </test-method> <!-- EditUserProfileGeneral -->
        <test-method is-config="true" signature="tearDown()[pri:0, instance:Qualicoach_EditUser.UpdateUserProfile@d278d2b]" started-at="2021-09-12T11:47:40Z" name="tearDown" finished-at="2021-09-12T11:47:40Z" duration-ms="194" status="PASS">
          <reporter-output>
          </reporter-output>
        </test-method> <!-- tearDown -->
      </class> <!-- Qualicoach_EditUser.UpdateUserProfile -->
    </test> <!-- Default test -->
  </suite> <!-- Default suite -->
</testng-results>
